# JRE version: OpenJDK Runtime Environment (8.0_212-b04) (build 1.8.0_212-release-1586-b04)
# Java VM: OpenJDK 64-Bit Server VM (25.212-b04 mixed mode windows-amd64 compressed oops)
Heap:
 PSYoungGen      total 372736K, used 163112K [0x00000000e0000000, 0x0000000100000000, 0x0000000100000000)
  eden space 241664K, 13% used [0x00000000e0000000,0x00000000e1f8d250,0x00000000eec00000)
  from space 131072K, 99% used [0x00000000eec00000,0x00000000f6bbd0c0,0x00000000f6c00000)
  to   space 151552K, 0% used [0x00000000f6c00000,0x00000000f6c00000,0x0000000100000000)
 ParOldGen       total 272896K, used 81636K [0x00000000a0000000, 0x00000000b0a80000, 0x00000000e0000000)
  object space 272896K, 29% used [0x00000000a0000000,0x00000000a4fb9120,0x00000000b0a80000)
 Metaspace       used 112011K, capacity 116856K, committed 117400K, reserved 1150976K
  class space    used 13996K, capacity 14912K, committed 15016K, reserved 1048576K
GC Heap History (10 events):
Event: 4124.944 GC heap before
{Heap before GC invocations=34 (full 5):
 PSYoungGen      total 413184K, used 344371K [0x00000000e0000000, 0x00000000ff800000, 0x0000000100000000)
  eden space 322560K, 100% used [0x00000000e0000000,0x00000000f3b00000,0x00000000f3b00000)
  from space 90624K, 24% used [0x00000000f9f80000,0x00000000fb4ccf28,0x00000000ff800000)
  to   space 96768K, 0% used [0x00000000f3b00000,0x00000000f3b00000,0x00000000f9980000)
 ParOldGen       total 272896K, used 67352K [0x00000000a0000000, 0x00000000b0a80000, 0x00000000e0000000)
  object space 272896K, 24% used [0x00000000a0000000,0x00000000a41c61d8,0x00000000b0a80000)
 Metaspace       used 111785K, capacity 116598K, committed 117144K, reserved 1150976K
  class space    used 13985K, capacity 14867K, committed 15016K, reserved 1048576K
Event: 4125.009 GC heap after
Heap after GC invocations=34 (full 5):
 PSYoungGen      total 419328K, used 20547K [0x00000000e0000000, 0x0000000100000000, 0x0000000100000000)
  eden space 322560K, 0% used [0x00000000e0000000,0x00000000e0000000,0x00000000f3b00000)
  from space 96768K, 21% used [0x00000000f3b00000,0x00000000f4f10cf8,0x00000000f9980000)
  to   space 94720K, 0% used [0x00000000fa380000,0x00000000fa380000,0x0000000100000000)
 ParOldGen       total 272896K, used 67360K [0x00000000a0000000, 0x00000000b0a80000, 0x00000000e0000000)
  object space 272896K, 24% used [0x00000000a0000000,0x00000000a41c81d8,0x00000000b0a80000)
 Metaspace       used 111785K, capacity 116598K, committed 117144K, reserved 1150976K
  class space    used 13985K, capacity 14867K, committed 15016K, reserved 1048576K
}
Event: 4126.691 GC heap before
{Heap before GC invocations=35 (full 5):
 PSYoungGen      total 419328K, used 343107K [0x00000000e0000000, 0x0000000100000000, 0x0000000100000000)
  eden space 322560K, 100% used [0x00000000e0000000,0x00000000f3b00000,0x00000000f3b00000)
  from space 96768K, 21% used [0x00000000f3b00000,0x00000000f4f10cf8,0x00000000f9980000)
  to   space 94720K, 0% used [0x00000000fa380000,0x00000000fa380000,0x0000000100000000)
 ParOldGen       total 272896K, used 67360K [0x00000000a0000000, 0x00000000b0a80000, 0x00000000e0000000)
  object space 272896K, 24% used [0x00000000a0000000,0x00000000a41c81d8,0x00000000b0a80000)
 Metaspace       used 111883K, capacity 116776K, committed 117144K, reserved 1150976K
  class space    used 13995K, capacity 14912K, committed 15016K, reserved 1048576K
Event: 4126.890 GC heap after
Heap after GC invocations=35 (full 5):
 PSYoungGen      total 407040K, used 84307K [0x00000000e0000000, 0x0000000100000000, 0x0000000100000000)
  eden space 312320K, 0% used [0x00000000e0000000,0x00000000e0000000,0x00000000f3100000)
  from space 94720K, 89% used [0x00000000fa380000,0x00000000ff5d4d90,0x0000000100000000)
  to   space 105984K, 0% used [0x00000000f3100000,0x00000000f3100000,0x00000000f9880000)
 ParOldGen       total 272896K, used 67368K [0x00000000a0000000, 0x00000000b0a80000, 0x00000000e0000000)
  object space 272896K, 24% used [0x00000000a0000000,0x00000000a41ca1d8,0x00000000b0a80000)
 Metaspace       used 111883K, capacity 116776K, committed 117144K, reserved 1150976K
  class space    used 13995K, capacity 14912K, committed 15016K, reserved 1048576K
}
Event: 4127.800 GC heap before
{Heap before GC invocations=36 (full 5):
 PSYoungGen      total 407040K, used 396627K [0x00000000e0000000, 0x0000000100000000, 0x0000000100000000)
  eden space 312320K, 100% used [0x00000000e0000000,0x00000000f3100000,0x00000000f3100000)
  from space 94720K, 89% used [0x00000000fa380000,0x00000000ff5d4d90,0x0000000100000000)
  to   space 105984K, 0% used [0x00000000f3100000,0x00000000f3100000,0x00000000f9880000)
 ParOldGen       total 272896K, used 67368K [0x00000000a0000000, 0x00000000b0a80000, 0x00000000e0000000)
  object space 272896K, 24% used [0x00000000a0000000,0x00000000a41ca1d8,0x00000000b0a80000)
 Metaspace       used 111941K, capacity 116780K, committed 117144K, reserved 1150976K
  class space    used 13996K, capacity 14912K, committed 15016K, reserved 1048576K
Event: 4128.099 GC heap after
Heap after GC invocations=36 (full 5):
 PSYoungGen      total 418304K, used 105952K [0x00000000e0000000, 0x0000000100000000, 0x0000000100000000)
  eden space 312320K, 0% used [0x00000000e0000000,0x00000000e0000000,0x00000000f3100000)
  from space 105984K, 99% used [0x00000000f3100000,0x00000000f9878310,0x00000000f9880000)
  to   space 105984K, 0% used [0x00000000f9880000,0x00000000f9880000,0x0000000100000000)
 ParOldGen       total 272896K, used 73407K [0x00000000a0000000, 0x00000000b0a80000, 0x00000000e0000000)
  object space 272896K, 26% used [0x00000000a0000000,0x00000000a47aff08,0x00000000b0a80000)
 Metaspace       used 111941K, capacity 116780K, committed 117144K, reserved 1150976K
  class space    used 13996K, capacity 14912K, committed 15016K, reserved 1048576K
}
Event: 4129.759 GC heap before
{Heap before GC invocations=37 (full 5):
 PSYoungGen      total 418304K, used 418153K [0x00000000e0000000, 0x0000000100000000, 0x0000000100000000)
  eden space 312320K, 99% used [0x00000000e0000000,0x00000000f30e2290,0x00000000f3100000)
  from space 105984K, 99% used [0x00000000f3100000,0x00000000f9878310,0x00000000f9880000)
  to   space 105984K, 0% used [0x00000000f9880000,0x00000000f9880000,0x0000000100000000)
 ParOldGen       total 272896K, used 73407K [0x00000000a0000000, 0x00000000b0a80000, 0x00000000e0000000)
  object space 272896K, 26% used [0x00000000a0000000,0x00000000a47aff08,0x00000000b0a80000)
 Metaspace       used 112001K, capacity 116852K, committed 117400K, reserved 1150976K
  class space    used 13996K, capacity 14912K, committed 15016K, reserved 1048576K
Event: 4129.990 GC heap after
Heap after GC invocations=37 (full 5):
 PSYoungGen      total 347648K, used 105982K [0x00000000e0000000, 0x0000000100000000, 0x0000000100000000)
  eden space 241664K, 0% used [0x00000000e0000000,0x00000000e0000000,0x00000000eec00000)
  from space 105984K, 99% used [0x00000000f9880000,0x00000000fffffbf8,0x0000000100000000)
  to   space 141312K, 0% used [0x00000000eec00000,0x00000000eec00000,0x00000000f7600000)
 ParOldGen       total 272896K, used 81636K [0x00000000a0000000, 0x00000000b0a80000, 0x00000000e0000000)
  object space 272896K, 29% used [0x00000000a0000000,0x00000000a4fb9120,0x00000000b0a80000)
 Metaspace       used 112001K, capacity 116852K, committed 117400K, reserved 1150976K
  class space    used 13996K, capacity 14912K, committed 15016K, reserved 1048576K
}
Event: 4131.082 GC heap before
{Heap before GC invocations=38 (full 5):
 PSYoungGen      total 347648K, used 347646K [0x00000000e0000000, 0x0000000100000000, 0x0000000100000000)
  eden space 241664K, 100% used [0x00000000e0000000,0x00000000eec00000,0x00000000eec00000)
  from space 105984K, 99% used [0x00000000f9880000,0x00000000fffffbf8,0x0000000100000000)
  to   space 141312K, 0% used [0x00000000eec00000,0x00000000eec00000,0x00000000f7600000)
 ParOldGen       total 272896K, used 81636K [0x00000000a0000000, 0x00000000b0a80000, 0x00000000e0000000)
  object space 272896K, 29% used [0x00000000a0000000,0x00000000a4fb9120,0x00000000b0a80000)
 Metaspace       used 112010K, capacity 116856K, committed 117400K, reserved 1150976K
  class space    used 13996K, capacity 14912K, committed 15016K, reserved 1048576K
Event: 4131.271 GC heap after
Heap after GC invocations=38 (full 5):
 PSYoungGen      total 372736K, used 130804K [0x00000000e0000000, 0x0000000100000000, 0x0000000100000000)
  eden space 241664K, 0% used [0x00000000e0000000,0x00000000e0000000,0x00000000eec00000)
  from space 131072K, 99% used [0x00000000eec00000,0x00000000f6bbd0c0,0x00000000f6c00000)
  to   space 151552K, 0% used [0x00000000f6c00000,0x00000000f6c00000,0x0000000100000000)
 ParOldGen       total 272896K, used 81636K [0x00000000a0000000, 0x00000000b0a80000, 0x00000000e0000000)
  object space 272896K, 29% used [0x00000000a0000000,0x00000000a4fb9120,0x00000000b0a80000)
 Metaspace       used 112010K, capacity 116856K, committed 117400K, reserved 1150976K
  class space    used 13996K, capacity 14912K, committed 15016K, reserved 1048576K
}

